
*** Running vivado
    with args -log top_SRT.vds -m64 -product Vivado -mode batch -messageDb vivado.pb -notrace -source top_SRT.tcl



****** Vivado v2022.1 (64-bit)
  **** SW Build 3526262 on Mon Apr 18 15:48:16 MDT 2022
  **** IP Build 3524634 on Mon Apr 18 20:55:01 MDT 2022
    ** Copyright 1986-2022 Xilinx, Inc. All Rights Reserved.

source top_SRT.tcl -notrace
Command: read_checkpoint -auto_incremental -incremental F:/COD_Projects/LABH2/LABH2.srcs/utils_1/imports/synth_1/SRT.dcp
INFO: [Vivado 12-5825] Read reference checkpoint from F:/COD_Projects/LABH2/LABH2.srcs/utils_1/imports/synth_1/SRT.dcp for incremental synthesis
INFO: [Vivado 12-7989] Please ensure there are no constraint changes
Command: synth_design -top top_SRT -part xc7a100tcsg324-1
Starting synth_design
Attempting to get a license for feature 'Synthesis' and/or device 'xc7a100t'
INFO: [Common 17-349] Got license for feature 'Synthesis' and/or device 'xc7a100t'
INFO: [Device 21-403] Loading part xc7a100tcsg324-1
INFO: [Designutils 20-5440] No compile time benefit to using incremental synthesis; A full resynthesis will be run
INFO: [Designutils 20-4379] Flow is switching to default flow due to incremental criteria not met. If you would like to alter this behaviour and have the flow terminate instead, please set the following parameter config_implementation {autoIncr.Synth.RejectBehavior Terminate}
INFO: [Synth 8-7079] Multithreading enabled for synth_design using a maximum of 2 processes.
INFO: [Synth 8-7078] Launching helper process for spawning children vivado processes
INFO: [Synth 8-7075] Helper process launched with PID 19968
---------------------------------------------------------------------------------
Starting RTL Elaboration : Time (s): cpu = 00:00:03 ; elapsed = 00:00:05 . Memory (MB): peak = 1294.297 ; gain = 0.000
---------------------------------------------------------------------------------
INFO: [Synth 8-6157] synthesizing module 'top_SRT' [F:/COD_Projects/LABH2/LABH2.srcs/sources_1/new/top_SRT.v:23]
INFO: [Synth 8-6157] synthesizing module 'SRT' [F:/COD_Projects/LABH2/LABH2.srcs/sources_1/new/SRT.v:23]
INFO: [Synth 8-6157] synthesizing module 'DB' [F:/COD_Projects/LABH2/LABH2.srcs/sources_1/new/DB.v:22]
INFO: [Synth 8-6155] done synthesizing module 'DB' (0#1) [F:/COD_Projects/LABH2/LABH2.srcs/sources_1/new/DB.v:22]
INFO: [Synth 8-6157] synthesizing module 'PS' [F:/COD_Projects/LABH2/LABH2.srcs/sources_1/new/PS.v:22]
INFO: [Synth 8-6155] done synthesizing module 'PS' (0#1) [F:/COD_Projects/LABH2/LABH2.srcs/sources_1/new/PS.v:22]
INFO: [Synth 8-6157] synthesizing module 'dist_mem_gen_1' [F:/COD_Projects/LABH2/LABH2.runs/synth_1/.Xil/Vivado-22328-LAPTOP-NF4J7LE5/realtime/dist_mem_gen_1_stub.v:5]
INFO: [Synth 8-6155] done synthesizing module 'dist_mem_gen_1' (0#1) [F:/COD_Projects/LABH2/LABH2.runs/synth_1/.Xil/Vivado-22328-LAPTOP-NF4J7LE5/realtime/dist_mem_gen_1_stub.v:5]
INFO: [Synth 8-6155] done synthesizing module 'SRT' (0#1) [F:/COD_Projects/LABH2/LABH2.srcs/sources_1/new/SRT.v:23]
INFO: [Synth 8-6157] synthesizing module 'sdu_dm' [F:/COD_Projects/LABH2/LABH2.srcs/sources_1/imports/LABH2/SDU-DM_2023.4.8/sdu_dm.v:3]
INFO: [Synth 8-6157] synthesizing module 'SDU' [F:/COD_Projects/LABH2/LABH2.srcs/sources_1/imports/LABH2/SDU-DM_2023.4.8/SDU_cwyl_2023.4.7/SDU.v:3]
INFO: [Synth 8-6157] synthesizing module 'DIV_RX_CLK' [F:/COD_Projects/LABH2/LABH2.srcs/sources_1/imports/LABH2/SDU-DM_2023.4.8/SDU_cwyl_2023.4.7/DIV_RX_CLK.v:1]
INFO: [Synth 8-6155] done synthesizing module 'DIV_RX_CLK' (0#1) [F:/COD_Projects/LABH2/LABH2.srcs/sources_1/imports/LABH2/SDU-DM_2023.4.8/SDU_cwyl_2023.4.7/DIV_RX_CLK.v:1]
INFO: [Synth 8-6157] synthesizing module 'RX' [F:/COD_Projects/LABH2/LABH2.srcs/sources_1/imports/LABH2/SDU-DM_2023.4.8/SDU_cwyl_2023.4.7/RX.v:3]
INFO: [Synth 8-6157] synthesizing module 'SIR' [F:/COD_Projects/LABH2/LABH2.srcs/sources_1/imports/LABH2/SDU-DM_2023.4.8/SDU_cwyl_2023.4.7/SIR.v:3]
INFO: [Synth 8-6155] done synthesizing module 'SIR' (0#1) [F:/COD_Projects/LABH2/LABH2.srcs/sources_1/imports/LABH2/SDU-DM_2023.4.8/SDU_cwyl_2023.4.7/SIR.v:3]
INFO: [Synth 8-6155] done synthesizing module 'RX' (0#1) [F:/COD_Projects/LABH2/LABH2.srcs/sources_1/imports/LABH2/SDU-DM_2023.4.8/SDU_cwyl_2023.4.7/RX.v:3]
INFO: [Synth 8-6157] synthesizing module 'TX' [F:/COD_Projects/LABH2/LABH2.srcs/sources_1/imports/LABH2/SDU-DM_2023.4.8/SDU_cwyl_2023.4.7/TX.v:3]
INFO: [Synth 8-6155] done synthesizing module 'TX' (0#1) [F:/COD_Projects/LABH2/LABH2.srcs/sources_1/imports/LABH2/SDU-DM_2023.4.8/SDU_cwyl_2023.4.7/TX.v:3]
INFO: [Synth 8-6157] synthesizing module 'DCP' [F:/COD_Projects/LABH2/LABH2.srcs/sources_1/imports/LABH2/SDU-DM_2023.4.8/SDU_cwyl_2023.4.7/DCP.v:3]
INFO: [Synth 8-6157] synthesizing module 'SCAN' [F:/COD_Projects/LABH2/LABH2.srcs/sources_1/imports/LABH2/SDU-DM_2023.4.8/SDU_cwyl_2023.4.7/SCAN.v:3]
INFO: [Synth 8-6155] done synthesizing module 'SCAN' (0#1) [F:/COD_Projects/LABH2/LABH2.srcs/sources_1/imports/LABH2/SDU-DM_2023.4.8/SDU_cwyl_2023.4.7/SCAN.v:3]
INFO: [Synth 8-6157] synthesizing module 'PRINT' [F:/COD_Projects/LABH2/LABH2.srcs/sources_1/imports/LABH2/SDU-DM_2023.4.8/SDU_cwyl_2023.4.7/PRINT.v:3]
INFO: [Synth 8-6157] synthesizing module 'H2C' [F:/COD_Projects/LABH2/LABH2.srcs/sources_1/imports/LABH2/SDU-DM_2023.4.8/SDU_cwyl_2023.4.7/H2C.v:1]
INFO: [Synth 8-6155] done synthesizing module 'H2C' (0#1) [F:/COD_Projects/LABH2/LABH2.srcs/sources_1/imports/LABH2/SDU-DM_2023.4.8/SDU_cwyl_2023.4.7/H2C.v:1]
INFO: [Synth 8-6155] done synthesizing module 'PRINT' (0#1) [F:/COD_Projects/LABH2/LABH2.srcs/sources_1/imports/LABH2/SDU-DM_2023.4.8/SDU_cwyl_2023.4.7/PRINT.v:3]
INFO: [Synth 8-6157] synthesizing module 'DCP_D' [F:/COD_Projects/LABH2/LABH2.srcs/sources_1/imports/LABH2/SDU-DM_2023.4.8/SDU_cwyl_2023.4.7/DCP_D.v:2]
INFO: [Synth 8-6155] done synthesizing module 'DCP_D' (0#1) [F:/COD_Projects/LABH2/LABH2.srcs/sources_1/imports/LABH2/SDU-DM_2023.4.8/SDU_cwyl_2023.4.7/DCP_D.v:2]
INFO: [Synth 8-6157] synthesizing module 'DCP_I' [F:/COD_Projects/LABH2/LABH2.srcs/sources_1/imports/LABH2/SDU-DM_2023.4.8/SDU_cwyl_2023.4.7/DCP_I.v:1]
INFO: [Synth 8-6155] done synthesizing module 'DCP_I' (0#1) [F:/COD_Projects/LABH2/LABH2.srcs/sources_1/imports/LABH2/SDU-DM_2023.4.8/SDU_cwyl_2023.4.7/DCP_I.v:1]
INFO: [Synth 8-6157] synthesizing module 'DCP_P' [F:/COD_Projects/LABH2/LABH2.srcs/sources_1/imports/LABH2/SDU-DM_2023.4.8/SDU_cwyl_2023.4.7/DCP_P.v:4]
INFO: [Synth 8-155] case statement is not full and has no default [F:/COD_Projects/LABH2/LABH2.srcs/sources_1/imports/LABH2/SDU-DM_2023.4.8/SDU_cwyl_2023.4.7/DCP_P.v:370]
INFO: [Synth 8-6155] done synthesizing module 'DCP_P' (0#1) [F:/COD_Projects/LABH2/LABH2.srcs/sources_1/imports/LABH2/SDU-DM_2023.4.8/SDU_cwyl_2023.4.7/DCP_P.v:4]
WARNING: [Synth 8-689] width (1) of port connection 'cs' does not match port width (5) of module 'DCP_P' [F:/COD_Projects/LABH2/LABH2.srcs/sources_1/imports/LABH2/SDU-DM_2023.4.8/SDU_cwyl_2023.4.7/DCP.v:257]
INFO: [Synth 8-6157] synthesizing module 'DCP_T' [F:/COD_Projects/LABH2/LABH2.srcs/sources_1/imports/LABH2/SDU-DM_2023.4.8/SDU_cwyl_2023.4.7/DCP_T.v:4]
INFO: [Synth 8-155] case statement is not full and has no default [F:/COD_Projects/LABH2/LABH2.srcs/sources_1/imports/LABH2/SDU-DM_2023.4.8/SDU_cwyl_2023.4.7/DCP_T.v:402]
INFO: [Synth 8-6155] done synthesizing module 'DCP_T' (0#1) [F:/COD_Projects/LABH2/LABH2.srcs/sources_1/imports/LABH2/SDU-DM_2023.4.8/SDU_cwyl_2023.4.7/DCP_T.v:4]
INFO: [Synth 8-6157] synthesizing module 'DCP_B' [F:/COD_Projects/LABH2/LABH2.srcs/sources_1/imports/LABH2/SDU-DM_2023.4.8/SDU_cwyl_2023.4.7/DCP_B.v:2]
INFO: [Synth 8-155] case statement is not full and has no default [F:/COD_Projects/LABH2/LABH2.srcs/sources_1/imports/LABH2/SDU-DM_2023.4.8/SDU_cwyl_2023.4.7/DCP_B.v:51]
INFO: [Synth 8-155] case statement is not full and has no default [F:/COD_Projects/LABH2/LABH2.srcs/sources_1/imports/LABH2/SDU-DM_2023.4.8/SDU_cwyl_2023.4.7/DCP_B.v:118]
INFO: [Synth 8-6155] done synthesizing module 'DCP_B' (0#1) [F:/COD_Projects/LABH2/LABH2.srcs/sources_1/imports/LABH2/SDU-DM_2023.4.8/SDU_cwyl_2023.4.7/DCP_B.v:2]
INFO: [Synth 8-6157] synthesizing module 'DCP_G' [F:/COD_Projects/LABH2/LABH2.srcs/sources_1/imports/LABH2/SDU-DM_2023.4.8/SDU_cwyl_2023.4.7/DCP_G.v:2]
INFO: [Synth 8-155] case statement is not full and has no default [F:/COD_Projects/LABH2/LABH2.srcs/sources_1/imports/LABH2/SDU-DM_2023.4.8/SDU_cwyl_2023.4.7/DCP_G.v:382]
INFO: [Synth 8-6155] done synthesizing module 'DCP_G' (0#1) [F:/COD_Projects/LABH2/LABH2.srcs/sources_1/imports/LABH2/SDU-DM_2023.4.8/SDU_cwyl_2023.4.7/DCP_G.v:2]
INFO: [Synth 8-6157] synthesizing module 'DCP_R' [F:/COD_Projects/LABH2/LABH2.srcs/sources_1/imports/LABH2/SDU-DM_2023.4.8/SDU_cwyl_2023.4.7/DCP_R.v:1]
INFO: [Synth 8-6155] done synthesizing module 'DCP_R' (0#1) [F:/COD_Projects/LABH2/LABH2.srcs/sources_1/imports/LABH2/SDU-DM_2023.4.8/SDU_cwyl_2023.4.7/DCP_R.v:1]
INFO: [Synth 8-6157] synthesizing module 'DCP_L' [F:/COD_Projects/LABH2/LABH2.srcs/sources_1/imports/LABH2/SDU-DM_2023.4.8/SDU_cwyl_2023.4.7/DCP_L.v:2]
INFO: [Synth 8-155] case statement is not full and has no default [F:/COD_Projects/LABH2/LABH2.srcs/sources_1/imports/LABH2/SDU-DM_2023.4.8/SDU_cwyl_2023.4.7/DCP_L.v:165]
INFO: [Synth 8-6155] done synthesizing module 'DCP_L' (0#1) [F:/COD_Projects/LABH2/LABH2.srcs/sources_1/imports/LABH2/SDU-DM_2023.4.8/SDU_cwyl_2023.4.7/DCP_L.v:2]
INFO: [Synth 8-6155] done synthesizing module 'DCP' (0#1) [F:/COD_Projects/LABH2/LABH2.srcs/sources_1/imports/LABH2/SDU-DM_2023.4.8/SDU_cwyl_2023.4.7/DCP.v:3]
INFO: [Synth 8-6155] done synthesizing module 'SDU' (0#1) [F:/COD_Projects/LABH2/LABH2.srcs/sources_1/imports/LABH2/SDU-DM_2023.4.8/SDU_cwyl_2023.4.7/SDU.v:3]
INFO: [Synth 8-6155] done synthesizing module 'sdu_dm' (0#1) [F:/COD_Projects/LABH2/LABH2.srcs/sources_1/imports/LABH2/SDU-DM_2023.4.8/sdu_dm.v:3]
INFO: [Synth 8-6155] done synthesizing module 'top_SRT' (0#1) [F:/COD_Projects/LABH2/LABH2.srcs/sources_1/new/top_SRT.v:23]
WARNING: [Synth 8-7129] Port flag_rx in module DCP_G is either unconnected or has no load
WARNING: [Synth 8-7129] Port addr[31] in module SRT is either unconnected or has no load
WARNING: [Synth 8-7129] Port addr[30] in module SRT is either unconnected or has no load
WARNING: [Synth 8-7129] Port addr[29] in module SRT is either unconnected or has no load
WARNING: [Synth 8-7129] Port addr[28] in module SRT is either unconnected or has no load
WARNING: [Synth 8-7129] Port addr[27] in module SRT is either unconnected or has no load
WARNING: [Synth 8-7129] Port addr[26] in module SRT is either unconnected or has no load
WARNING: [Synth 8-7129] Port addr[25] in module SRT is either unconnected or has no load
WARNING: [Synth 8-7129] Port addr[24] in module SRT is either unconnected or has no load
WARNING: [Synth 8-7129] Port addr[23] in module SRT is either unconnected or has no load
WARNING: [Synth 8-7129] Port addr[22] in module SRT is either unconnected or has no load
WARNING: [Synth 8-7129] Port addr[21] in module SRT is either unconnected or has no load
WARNING: [Synth 8-7129] Port addr[20] in module SRT is either unconnected or has no load
WARNING: [Synth 8-7129] Port addr[19] in module SRT is either unconnected or has no load
WARNING: [Synth 8-7129] Port addr[18] in module SRT is either unconnected or has no load
WARNING: [Synth 8-7129] Port addr[17] in module SRT is either unconnected or has no load
WARNING: [Synth 8-7129] Port addr[16] in module SRT is either unconnected or has no load
WARNING: [Synth 8-7129] Port addr[15] in module SRT is either unconnected or has no load
WARNING: [Synth 8-7129] Port addr[14] in module SRT is either unconnected or has no load
WARNING: [Synth 8-7129] Port addr[13] in module SRT is either unconnected or has no load
WARNING: [Synth 8-7129] Port addr[12] in module SRT is either unconnected or has no load
WARNING: [Synth 8-7129] Port addr[11] in module SRT is either unconnected or has no load
WARNING: [Synth 8-7129] Port addr[10] in module SRT is either unconnected or has no load
WARNING: [Synth 8-7129] Port addr[9] in module SRT is either unconnected or has no load
WARNING: [Synth 8-7129] Port addr[8] in module SRT is either unconnected or has no load
WARNING: [Synth 8-7129] Port addr[7] in module SRT is either unconnected or has no load
WARNING: [Synth 8-7129] Port addr[6] in module SRT is either unconnected or has no load
WARNING: [Synth 8-7129] Port addr[5] in module SRT is either unconnected or has no load
---------------------------------------------------------------------------------
Finished RTL Elaboration : Time (s): cpu = 00:00:04 ; elapsed = 00:00:07 . Memory (MB): peak = 1294.297 ; gain = 0.000
---------------------------------------------------------------------------------
---------------------------------------------------------------------------------
Start Handling Custom Attributes
---------------------------------------------------------------------------------
---------------------------------------------------------------------------------
Finished Handling Custom Attributes : Time (s): cpu = 00:00:04 ; elapsed = 00:00:07 . Memory (MB): peak = 1294.297 ; gain = 0.000
---------------------------------------------------------------------------------
---------------------------------------------------------------------------------
Finished RTL Optimization Phase 1 : Time (s): cpu = 00:00:04 ; elapsed = 00:00:07 . Memory (MB): peak = 1294.297 ; gain = 0.000
---------------------------------------------------------------------------------
Netlist sorting complete. Time (s): cpu = 00:00:00 ; elapsed = 00:00:00.054 . Memory (MB): peak = 1294.297 ; gain = 0.000
INFO: [Project 1-570] Preparing netlist for logic optimization

Processing XDC Constraints
Initializing timing engine
Parsing XDC File [f:/COD_Projects/LABH2/LABH2.gen/sources_1/ip/dist_mem_gen_1/dist_mem_gen_1/dist_mem_gen_1_in_context.xdc] for cell 'u_SRT/dmg1'
Finished Parsing XDC File [f:/COD_Projects/LABH2/LABH2.gen/sources_1/ip/dist_mem_gen_1/dist_mem_gen_1/dist_mem_gen_1_in_context.xdc] for cell 'u_SRT/dmg1'
Parsing XDC File [F:/COD_Projects/LABH2/LABH2.srcs/constrs_1/new/SRT_xdc.xdc]
Finished Parsing XDC File [F:/COD_Projects/LABH2/LABH2.srcs/constrs_1/new/SRT_xdc.xdc]
INFO: [Project 1-236] Implementation specific constraints were found while reading constraint file [F:/COD_Projects/LABH2/LABH2.srcs/constrs_1/new/SRT_xdc.xdc]. These constraints will be ignored for synthesis but will be used in implementation. Impacted constraints are listed in the file [.Xil/top_SRT_propImpl.xdc].
Resolution: To avoid this warning, move constraints listed in [.Xil/top_SRT_propImpl.xdc] to another XDC file and exclude this new file from synthesis with the used_in_synthesis property (File Properties dialog in GUI) and re-run elaboration/synthesis.
Completed Processing XDC Constraints

Netlist sorting complete. Time (s): cpu = 00:00:00 ; elapsed = 00:00:00 . Memory (MB): peak = 1372.422 ; gain = 0.000
INFO: [Project 1-111] Unisim Transformation Summary:
No Unisim elements were transformed.

Constraint Validation Runtime : Time (s): cpu = 00:00:00 ; elapsed = 00:00:00.009 . Memory (MB): peak = 1372.422 ; gain = 0.000
WARNING: [Timing 38-316] Clock period '20.000' specified during out-of-context synthesis of instance 'u_SRT/dmg1' at clock pin 'clk' is different from the actual clock period '10.000', this can lead to different synthesis results.
INFO: [Designutils 20-5440] No compile time benefit to using incremental synthesis; A full resynthesis will be run
INFO: [Designutils 20-4379] Flow is switching to default flow due to incremental criteria not met. If you would like to alter this behaviour and have the flow terminate instead, please set the following parameter config_implementation {autoIncr.Synth.RejectBehavior Terminate}
---------------------------------------------------------------------------------
Finished Constraint Validation : Time (s): cpu = 00:00:09 ; elapsed = 00:00:14 . Memory (MB): peak = 1372.484 ; gain = 78.188
---------------------------------------------------------------------------------
---------------------------------------------------------------------------------
Start Loading Part and Timing Information
---------------------------------------------------------------------------------
Loading part: xc7a100tcsg324-1
---------------------------------------------------------------------------------
Finished Loading Part and Timing Information : Time (s): cpu = 00:00:09 ; elapsed = 00:00:14 . Memory (MB): peak = 1372.484 ; gain = 78.188
---------------------------------------------------------------------------------
---------------------------------------------------------------------------------
Start Applying 'set_property' XDC Constraints
---------------------------------------------------------------------------------
Applied set_property KEEP_HIERARCHY = SOFT for u_SRT/dmg1. (constraint file  auto generated constraint).
---------------------------------------------------------------------------------
Finished applying 'set_property' XDC Constraints : Time (s): cpu = 00:00:09 ; elapsed = 00:00:14 . Memory (MB): peak = 1372.484 ; gain = 78.188
---------------------------------------------------------------------------------
INFO: [Synth 8-802] inferred FSM for state register 'curr_state_reg' in module 'SIR'
INFO: [Synth 8-802] inferred FSM for state register 'curr_state_reg' in module 'TX'
INFO: [Synth 8-802] inferred FSM for state register 'curr_state_reg' in module 'SCAN'
INFO: [Synth 8-802] inferred FSM for state register 'curr_state_reg' in module 'PRINT'
INFO: [Synth 8-802] inferred FSM for state register 'CS_reg' in module 'DCP_D'
INFO: [Synth 8-802] inferred FSM for state register 'CS_reg' in module 'DCP_I'
INFO: [Synth 8-802] inferred FSM for state register 'CS_reg' in module 'DCP_T'
INFO: [Synth 8-802] inferred FSM for state register 'CS_reg' in module 'DCP_B'
INFO: [Synth 8-802] inferred FSM for state register 'CS_reg' in module 'DCP_R'
INFO: [Synth 8-802] inferred FSM for state register 'CS_reg' in module 'DCP_L'
INFO: [Synth 8-802] inferred FSM for state register 'curr_state_reg' in module 'DCP'
---------------------------------------------------------------------------------------------------
                   State |                     New Encoding |                Previous Encoding 
---------------------------------------------------------------------------------------------------
                 iSTATE0 |                              000 |                              000
                  iSTATE |                              001 |                              001
                 iSTATE3 |                              010 |                              010
                 iSTATE1 |                              011 |                              011
                 iSTATE2 |                              100 |                              100
*
---------------------------------------------------------------------------------------------------
INFO: [Synth 8-3354] encoded FSM with state register 'curr_state_reg' using encoding 'sequential' in module 'SIR'
---------------------------------------------------------------------------------------------------
                   State |                     New Encoding |                Previous Encoding 
---------------------------------------------------------------------------------------------------
                    IDLE |                               00 |                              000
                   START |                               01 |                              001
                    SEND |                               10 |                              010
---------------------------------------------------------------------------------------------------
INFO: [Synth 8-3354] encoded FSM with state register 'curr_state_reg' using encoding 'sequential' in module 'TX'
---------------------------------------------------------------------------------------------------
                   State |                     New Encoding |                Previous Encoding 
---------------------------------------------------------------------------------------------------
                  iSTATE |                           000001 |                              000
                 iSTATE1 |                           000010 |                              010
                 iSTATE3 |                           000100 |                              101
                 iSTATE0 |                           001000 |                              011
                 iSTATE2 |                           010000 |                              001
                 iSTATE4 |                           100000 |                              100
*
---------------------------------------------------------------------------------------------------
INFO: [Synth 8-3354] encoded FSM with state register 'curr_state_reg' using encoding 'one-hot' in module 'SCAN'
---------------------------------------------------------------------------------------------------
                   State |                     New Encoding |                Previous Encoding 
---------------------------------------------------------------------------------------------------
                    IDLE |                              000 |                              000
                    BYTE |                              001 |                              001
                    WORD |                              010 |                              010
                     TMP |                              011 |                              110
                    WAIT |                              100 |                              100
                     ACK |                              101 |                              101
                   SPACE |                              110 |                              111
---------------------------------------------------------------------------------------------------
INFO: [Synth 8-3354] encoded FSM with state register 'curr_state_reg' using encoding 'sequential' in module 'PRINT'
---------------------------------------------------------------------------------------------------
                   State |                     New Encoding |                Previous Encoding 
---------------------------------------------------------------------------------------------------
                    INIT |                         00000001 |                              000
                    SCAN |                         00000010 |                              001
               PRINT_INF |                         00000100 |                              010
                  PRINTA |                         00001000 |                              100
               PRINT_MAO |                         00010000 |                              011
                    DATA |                         00100000 |                              101
                  PRINTD |                         01000000 |                              110
                  FINISH |                         10000000 |                              111
---------------------------------------------------------------------------------------------------
INFO: [Synth 8-3354] encoded FSM with state register 'CS_reg' using encoding 'one-hot' in module 'DCP_D'
---------------------------------------------------------------------------------------------------
                   State |                     New Encoding |                Previous Encoding 
---------------------------------------------------------------------------------------------------
                    INIT |                         00000001 |                              000
                    SCAN |                         00000010 |                              001
               PRINT_INF |                         00000100 |                              010
                  PRINTA |                         00001000 |                              100
               PRINT_MAO |                         00010000 |                              011
                    DATA |                         00100000 |                              101
                  PRINTD |                         01000000 |                              110
                  FINISH |                         10000000 |                              111
---------------------------------------------------------------------------------------------------
INFO: [Synth 8-3354] encoded FSM with state register 'CS_reg' using encoding 'one-hot' in module 'DCP_I'
---------------------------------------------------------------------------------------------------
                   State |                     New Encoding |                Previous Encoding 
---------------------------------------------------------------------------------------------------
                    INIT |                            00000 |                            00000
                 CLK_RST |                            00001 |                            10110
                  CLK_ON |                            00010 |                            10100
                 CLK_OFF |                            00011 |                            10101
               PRINT_NPC |                            00100 |                            00001
          PRINT_NPC_DATA |                            00101 |                            00010
                PRINT_PC |                            00110 |                            00011
           PRINT_PC_DATA |                            00111 |                            00100
                PRINT_IR |                            01000 |                            00101
           PRINT_IR_DATA |                            01001 |                            00110
               PRINT_CTL |                            01010 |                            00111
          PRINT_CTL_DATA |                            01011 |                            01000
                 PRINT_A |                            01100 |                            01001
            PRINT_A_DATA |                            01101 |                            01010
                 PRINT_B |                            01110 |                            01011
            PRINT_B_DATA |                            01111 |                            01100
               PRINT_IMM |                            10000 |                            01101
          PRINT_IMM_DATA |                            10001 |                            01110
                 PRINT_Y |                            10010 |                            01111
            PRINT_Y_DATA |                            10011 |                            10000
               PRINT_MDR |                            10100 |                            10001
          PRINT_MDR_DATA |                            10101 |                            10010
                  FINISH |                            10110 |                            10011
---------------------------------------------------------------------------------------------------
INFO: [Synth 8-3354] encoded FSM with state register 'CS_reg' using encoding 'sequential' in module 'DCP_T'
---------------------------------------------------------------------------------------------------
                   State |                     New Encoding |                Previous Encoding 
---------------------------------------------------------------------------------------------------
                    INIT |                              000 |                              000
                    SCAN |                              001 |                              001
                  UPDATE |                              010 |                              010
                PRINT_B1 |                              011 |                              011
                PRINT_B2 |                              100 |                              100
                  FINISH |                              101 |                              101
---------------------------------------------------------------------------------------------------
INFO: [Synth 8-3354] encoded FSM with state register 'CS_reg' using encoding 'sequential' in module 'DCP_B'
---------------------------------------------------------------------------------------------------
                   State |                     New Encoding |                Previous Encoding 
---------------------------------------------------------------------------------------------------
                    INIT |                              000 |                              000
                  PRINTR |                              001 |                              001
                  PRINTA |                              010 |                              010
                PRINTMAO |                              011 |                              011
                    DATA |                              100 |                              100
                  PRINTD |                              101 |                              101
                     ADD |                              110 |                              110
                  FINISH |                              111 |                              111
---------------------------------------------------------------------------------------------------
INFO: [Synth 8-3354] encoded FSM with state register 'CS_reg' using encoding 'sequential' in module 'DCP_R'
---------------------------------------------------------------------------------------------------
                   State |                     New Encoding |                Previous Encoding 
---------------------------------------------------------------------------------------------------
                    INIT |                              000 |                              000
                   SCAN1 |                              001 |                              001
                   SCAN2 |                              010 |                              010
            PRINT_FINISH |                              011 |                              101
                  FINISH |                              100 |                              110
                   INPUT |                              101 |                              011
                    WAIT |                              110 |                              100
---------------------------------------------------------------------------------------------------
INFO: [Synth 8-3354] encoded FSM with state register 'CS_reg' using encoding 'sequential' in module 'DCP_L'
---------------------------------------------------------------------------------------------------
                   State |                     New Encoding |                Previous Encoding 
---------------------------------------------------------------------------------------------------
                 iSTATE1 |                              001 |                         00000000
                  iSTATE |                              010 |                         00000001
                 iSTATE0 |                              100 |                         00000010
*
---------------------------------------------------------------------------------------------------
INFO: [Synth 8-3354] encoded FSM with state register 'curr_state_reg' using encoding 'one-hot' in module 'DCP'
---------------------------------------------------------------------------------
Finished RTL Optimization Phase 2 : Time (s): cpu = 00:00:10 ; elapsed = 00:00:17 . Memory (MB): peak = 1372.484 ; gain = 78.188
---------------------------------------------------------------------------------
---------------------------------------------------------------------------------
Start RTL Component Statistics 
---------------------------------------------------------------------------------
Detailed RTL Component Info : 
+---Adders : 
	   2 Input   32 Bit       Adders := 5     
	   2 Input   10 Bit       Adders := 2     
	   2 Input    8 Bit       Adders := 3     
	   2 Input    7 Bit       Adders := 1     
	   2 Input    6 Bit       Adders := 1     
	   2 Input    5 Bit       Adders := 7     
	   2 Input    4 Bit       Adders := 3     
	   2 Input    3 Bit       Adders := 3     
	   2 Input    2 Bit       Adders := 19    
	   2 Input    1 Bit       Adders := 9     
+---Registers : 
	               32 Bit    Registers := 14    
	               10 Bit    Registers := 2     
	                9 Bit    Registers := 2     
	                8 Bit    Registers := 3     
	                6 Bit    Registers := 1     
	                5 Bit    Registers := 9     
	                4 Bit    Registers := 3     
	                3 Bit    Registers := 31    
	                2 Bit    Registers := 1     
	                1 Bit    Registers := 52    
+---Muxes : 
	   7 Input   32 Bit        Muxes := 5     
	   2 Input   32 Bit        Muxes := 14    
	   3 Input   32 Bit        Muxes := 2     
	   8 Input   32 Bit        Muxes := 6     
	  23 Input   32 Bit        Muxes := 1     
	   6 Input   32 Bit        Muxes := 2     
	   5 Input   32 Bit        Muxes := 1     
	   9 Input   32 Bit        Muxes := 1     
	   7 Input   10 Bit        Muxes := 1     
	   2 Input    9 Bit        Muxes := 1     
	   2 Input    8 Bit        Muxes := 4     
	   3 Input    8 Bit        Muxes := 1     
	  18 Input    8 Bit        Muxes := 2     
	   9 Input    8 Bit        Muxes := 1     
	   2 Input    7 Bit        Muxes := 38    
	   4 Input    7 Bit        Muxes := 12    
	   6 Input    7 Bit        Muxes := 1     
	   7 Input    7 Bit        Muxes := 1     
	   2 Input    6 Bit        Muxes := 9     
	   6 Input    6 Bit        Muxes := 1     
	   3 Input    6 Bit        Muxes := 1     
	   2 Input    5 Bit        Muxes := 27    
	   7 Input    5 Bit        Muxes := 4     
	   3 Input    5 Bit        Muxes := 42    
	   5 Input    5 Bit        Muxes := 21    
	  64 Input    5 Bit        Muxes := 1     
	  22 Input    5 Bit        Muxes := 1     
	   8 Input    5 Bit        Muxes := 1     
	   2 Input    4 Bit        Muxes := 9     
	   5 Input    4 Bit        Muxes := 42    
	   3 Input    4 Bit        Muxes := 42    
	  11 Input    4 Bit        Muxes := 1     
	   7 Input    3 Bit        Muxes := 3     
	   2 Input    3 Bit        Muxes := 16    
	   5 Input    3 Bit        Muxes := 1     
	   8 Input    3 Bit        Muxes := 3     
	  21 Input    3 Bit        Muxes := 10    
	   4 Input    3 Bit        Muxes := 42    
	  23 Input    3 Bit        Muxes := 9     
	  13 Input    3 Bit        Muxes := 1     
	  22 Input    3 Bit        Muxes := 9     
	  16 Input    3 Bit        Muxes := 1     
	   3 Input    3 Bit        Muxes := 1     
	  11 Input    3 Bit        Muxes := 1     
	   2 Input    2 Bit        Muxes := 22    
	   3 Input    2 Bit        Muxes := 1     
	   5 Input    2 Bit        Muxes := 21    
	   7 Input    2 Bit        Muxes := 1     
	   2 Input    1 Bit        Muxes := 64    
	   7 Input    1 Bit        Muxes := 26    
	   4 Input    1 Bit        Muxes := 2     
	   5 Input    1 Bit        Muxes := 3     
	   3 Input    1 Bit        Muxes := 11    
	   6 Input    1 Bit        Muxes := 14    
	   8 Input    1 Bit        Muxes := 34    
	  21 Input    1 Bit        Muxes := 15    
	  23 Input    1 Bit        Muxes := 17    
	  22 Input    1 Bit        Muxes := 20    
	  11 Input    1 Bit        Muxes := 7     
---------------------------------------------------------------------------------
Finished RTL Component Statistics 
---------------------------------------------------------------------------------
---------------------------------------------------------------------------------
Start Part Resource Summary
---------------------------------------------------------------------------------
Part Resources:
DSPs: 240 (col length:80)
BRAMs: 270 (col length: RAMB18 80 RAMB36 40)
---------------------------------------------------------------------------------
Finished Part Resource Summary
---------------------------------------------------------------------------------
---------------------------------------------------------------------------------
Start Cross Boundary and Area Optimization
---------------------------------------------------------------------------------
WARNING: [Synth 8-7080] Parallel synthesis criteria is not met
WARNING: [Synth 8-7129] Port flag_rx in module DCP_G is either unconnected or has no load
---------------------------------------------------------------------------------
Finished Cross Boundary and Area Optimization : Time (s): cpu = 00:00:14 ; elapsed = 00:00:25 . Memory (MB): peak = 1372.484 ; gain = 78.188
---------------------------------------------------------------------------------
---------------------------------------------------------------------------------
Start ROM, RAM, DSP, Shift Register and Retiming Reporting
---------------------------------------------------------------------------------

ROM: Preliminary Mapping Report
+------------+------------+---------------+----------------+
|Module Name | RTL Object | Depth x Width | Implemented As | 
+------------+------------+---------------+----------------+
|DCP_P       | type_tx_P  | 32x1          | LUT            | 
|DCP_G       | type_tx_G  | 32x1          | LUT            | 
|DCP_P       | type_tx_P  | 32x1          | LUT            | 
|DCP_G       | type_tx_G  | 32x1          | LUT            | 
+------------+------------+---------------+----------------+

---------------------------------------------------------------------------------
Finished ROM, RAM, DSP, Shift Register and Retiming Reporting
---------------------------------------------------------------------------------
---------------------------------------------------------------------------------
Start Applying XDC Timing Constraints
---------------------------------------------------------------------------------
---------------------------------------------------------------------------------
Finished Applying XDC Timing Constraints : Time (s): cpu = 00:00:18 ; elapsed = 00:00:31 . Memory (MB): peak = 1372.484 ; gain = 78.188
---------------------------------------------------------------------------------
---------------------------------------------------------------------------------
Start Timing Optimization
---------------------------------------------------------------------------------
---------------------------------------------------------------------------------
Finished Timing Optimization : Time (s): cpu = 00:00:18 ; elapsed = 00:00:32 . Memory (MB): peak = 1372.484 ; gain = 78.188
---------------------------------------------------------------------------------
---------------------------------------------------------------------------------
Start Technology Mapping
---------------------------------------------------------------------------------
---------------------------------------------------------------------------------
Finished Technology Mapping : Time (s): cpu = 00:00:19 ; elapsed = 00:00:32 . Memory (MB): peak = 1372.484 ; gain = 78.188
---------------------------------------------------------------------------------
---------------------------------------------------------------------------------
Start IO Insertion
---------------------------------------------------------------------------------
---------------------------------------------------------------------------------
Start Flattening Before IO Insertion
---------------------------------------------------------------------------------
---------------------------------------------------------------------------------
Finished Flattening Before IO Insertion
---------------------------------------------------------------------------------
---------------------------------------------------------------------------------
Start Final Netlist Cleanup
---------------------------------------------------------------------------------
---------------------------------------------------------------------------------
Finished Final Netlist Cleanup
---------------------------------------------------------------------------------
---------------------------------------------------------------------------------
Finished IO Insertion : Time (s): cpu = 00:00:21 ; elapsed = 00:00:36 . Memory (MB): peak = 1372.484 ; gain = 78.188
---------------------------------------------------------------------------------
---------------------------------------------------------------------------------
Start Renaming Generated Instances
---------------------------------------------------------------------------------
---------------------------------------------------------------------------------
Finished Renaming Generated Instances : Time (s): cpu = 00:00:21 ; elapsed = 00:00:36 . Memory (MB): peak = 1372.484 ; gain = 78.188
---------------------------------------------------------------------------------
---------------------------------------------------------------------------------
Start Rebuilding User Hierarchy
---------------------------------------------------------------------------------
---------------------------------------------------------------------------------
Finished Rebuilding User Hierarchy : Time (s): cpu = 00:00:21 ; elapsed = 00:00:36 . Memory (MB): peak = 1372.484 ; gain = 78.188
---------------------------------------------------------------------------------
---------------------------------------------------------------------------------
Start Renaming Generated Ports
---------------------------------------------------------------------------------
---------------------------------------------------------------------------------
Finished Renaming Generated Ports : Time (s): cpu = 00:00:21 ; elapsed = 00:00:36 . Memory (MB): peak = 1372.484 ; gain = 78.188
---------------------------------------------------------------------------------
---------------------------------------------------------------------------------
Start Handling Custom Attributes
---------------------------------------------------------------------------------
---------------------------------------------------------------------------------
Finished Handling Custom Attributes : Time (s): cpu = 00:00:21 ; elapsed = 00:00:37 . Memory (MB): peak = 1372.484 ; gain = 78.188
---------------------------------------------------------------------------------
---------------------------------------------------------------------------------
Start Renaming Generated Nets
---------------------------------------------------------------------------------
---------------------------------------------------------------------------------
Finished Renaming Generated Nets : Time (s): cpu = 00:00:21 ; elapsed = 00:00:37 . Memory (MB): peak = 1372.484 ; gain = 78.188
---------------------------------------------------------------------------------
---------------------------------------------------------------------------------
Start Writing Synthesis Report
---------------------------------------------------------------------------------

Report BlackBoxes: 
+------+---------------+----------+
|      |BlackBox name  |Instances |
+------+---------------+----------+
|1     |dist_mem_gen_1 |         1|
+------+---------------+----------+

Report Cell Usage: 
+------+-------------+------+
|      |Cell         |Count |
+------+-------------+------+
|1     |dist_mem_gen |     1|
|2     |BUFG         |     2|
|3     |CARRY4       |    73|
|4     |LUT1         |    13|
|5     |LUT2         |   254|
|6     |LUT3         |   161|
|7     |LUT4         |   157|
|8     |LUT5         |   201|
|9     |LUT6         |   610|
|10    |MUXF7        |    28|
|11    |MUXF8        |     4|
|12    |FDCE         |   515|
|13    |FDPE         |   117|
|14    |FDRE         |    95|
|15    |FDSE         |     7|
|16    |IBUF         |     4|
|17    |OBUF         |    18|
+------+-------------+------+
---------------------------------------------------------------------------------
Finished Writing Synthesis Report : Time (s): cpu = 00:00:21 ; elapsed = 00:00:37 . Memory (MB): peak = 1372.484 ; gain = 78.188
---------------------------------------------------------------------------------
Synthesis finished with 0 errors, 0 critical warnings and 2 warnings.
Synthesis Optimization Runtime : Time (s): cpu = 00:00:15 ; elapsed = 00:00:34 . Memory (MB): peak = 1372.484 ; gain = 0.000
Synthesis Optimization Complete : Time (s): cpu = 00:00:21 ; elapsed = 00:00:37 . Memory (MB): peak = 1372.484 ; gain = 78.188
INFO: [Project 1-571] Translating synthesized netlist
Netlist sorting complete. Time (s): cpu = 00:00:00 ; elapsed = 00:00:00.025 . Memory (MB): peak = 1372.484 ; gain = 0.000
INFO: [Netlist 29-17] Analyzing 105 Unisim elements for replacement
INFO: [Netlist 29-28] Unisim Transformation completed in 0 CPU seconds
INFO: [Project 1-570] Preparing netlist for logic optimization
INFO: [Opt 31-138] Pushed 0 inverter(s) to 0 load pin(s).
Netlist sorting complete. Time (s): cpu = 00:00:00 ; elapsed = 00:00:00 . Memory (MB): peak = 1374.379 ; gain = 0.000
INFO: [Project 1-111] Unisim Transformation Summary:
No Unisim elements were transformed.

Synth Design complete, checksum: b7bcb2be
INFO: [Common 17-83] Releasing license: Synthesis
95 Infos, 32 Warnings, 0 Critical Warnings and 0 Errors encountered.
synth_design completed successfully
synth_design: Time (s): cpu = 00:00:23 ; elapsed = 00:00:41 . Memory (MB): peak = 1374.379 ; gain = 80.082
INFO: [Common 17-1381] The checkpoint 'F:/COD_Projects/LABH2/LABH2.runs/synth_1/top_SRT.dcp' has been generated.
INFO: [runtcl-4] Executing : report_utilization -file top_SRT_utilization_synth.rpt -pb top_SRT_utilization_synth.pb
INFO: [Common 17-206] Exiting Vivado at Thu Apr 13 00:38:41 2023...
