
*** Running vivado
    with args -log MAV.vds -m64 -product Vivado -mode batch -messageDb vivado.pb -notrace -source MAV.tcl



****** Vivado v2022.1 (64-bit)
  **** SW Build 3526262 on Mon Apr 18 15:48:16 MDT 2022
  **** IP Build 3524634 on Mon Apr 18 20:55:01 MDT 2022
    ** Copyright 1986-2022 Xilinx, Inc. All Rights Reserved.

source MAV.tcl -notrace
Command: read_checkpoint -auto_incremental -incremental E:/COD_Projects/LABH1/LABH1.srcs/utils_1/imports/synth_1/MAV.dcp
INFO: [Vivado 12-5825] Read reference checkpoint from E:/COD_Projects/LABH1/LABH1.srcs/utils_1/imports/synth_1/MAV.dcp for incremental synthesis
INFO: [Vivado 12-7989] Please ensure there are no constraint changes
Command: synth_design -top MAV -part xc7a100tcsg324-1
Starting synth_design
Attempting to get a license for feature 'Synthesis' and/or device 'xc7a100t'
INFO: [Common 17-349] Got license for feature 'Synthesis' and/or device 'xc7a100t'
INFO: [Device 21-403] Loading part xc7a100tcsg324-1
INFO: [Designutils 20-5440] No compile time benefit to using incremental synthesis; A full resynthesis will be run
INFO: [Designutils 20-4379] Flow is switching to default flow due to incremental criteria not met. If you would like to alter this behaviour and have the flow terminate instead, please set the following parameter config_implementation {autoIncr.Synth.RejectBehavior Terminate}
INFO: [Synth 8-7079] Multithreading enabled for synth_design using a maximum of 2 processes.
INFO: [Synth 8-7078] Launching helper process for spawning children vivado processes
INFO: [Synth 8-7075] Helper process launched with PID 18312
---------------------------------------------------------------------------------
Starting RTL Elaboration : Time (s): cpu = 00:00:03 ; elapsed = 00:00:05 . Memory (MB): peak = 1298.980 ; gain = 0.000
---------------------------------------------------------------------------------
INFO: [Synth 8-6157] synthesizing module 'MAV' [E:/COD_Projects/LABH1/LABH1.srcs/sources_1/new/MAV.v:23]
INFO: [Synth 8-6157] synthesizing module 'DB' [E:/COD_Projects/LABH1/LABH1.srcs/sources_1/new/DB.v:22]
INFO: [Synth 8-6155] done synthesizing module 'DB' (0#1) [E:/COD_Projects/LABH1/LABH1.srcs/sources_1/new/DB.v:22]
INFO: [Synth 8-6157] synthesizing module 'PS' [E:/COD_Projects/LABH1/LABH1.srcs/sources_1/new/PS.v:23]
INFO: [Synth 8-6155] done synthesizing module 'PS' (0#1) [E:/COD_Projects/LABH1/LABH1.srcs/sources_1/new/PS.v:23]
INFO: [Synth 8-6157] synthesizing module 'Register' [E:/COD_Projects/LABH1/LABH1.srcs/sources_1/new/Register.v:23]
	Parameter WIDTH bound to: 16 - type: integer 
	Parameter RST_VALUE bound to: 0 - type: integer 
INFO: [Synth 8-6155] done synthesizing module 'Register' (0#1) [E:/COD_Projects/LABH1/LABH1.srcs/sources_1/new/Register.v:23]
INFO: [Synth 8-6157] synthesizing module 'ALU' [E:/COD_Projects/LABH1/LABH1.srcs/sources_1/new/ALU.v:23]
	Parameter WIDTH bound to: 16 - type: integer 
INFO: [Synth 8-6155] done synthesizing module 'ALU' (0#1) [E:/COD_Projects/LABH1/LABH1.srcs/sources_1/new/ALU.v:23]
WARNING: [Synth 8-7071] port 't' of module 'ALU' is unconnected for instance 'alu1' [E:/COD_Projects/LABH1/LABH1.srcs/sources_1/new/MAV.v:116]
WARNING: [Synth 8-7023] instance 'alu1' of module 'ALU' has 5 connections declared, but only 4 given [E:/COD_Projects/LABH1/LABH1.srcs/sources_1/new/MAV.v:116]
WARNING: [Synth 8-7071] port 't' of module 'ALU' is unconnected for instance 'alu2' [E:/COD_Projects/LABH1/LABH1.srcs/sources_1/new/MAV.v:122]
WARNING: [Synth 8-7023] instance 'alu2' of module 'ALU' has 5 connections declared, but only 4 given [E:/COD_Projects/LABH1/LABH1.srcs/sources_1/new/MAV.v:122]
WARNING: [Synth 8-7071] port 't' of module 'ALU' is unconnected for instance 'alu3' [E:/COD_Projects/LABH1/LABH1.srcs/sources_1/new/MAV.v:128]
WARNING: [Synth 8-7023] instance 'alu3' of module 'ALU' has 5 connections declared, but only 4 given [E:/COD_Projects/LABH1/LABH1.srcs/sources_1/new/MAV.v:128]
WARNING: [Synth 8-7071] port 't' of module 'ALU' is unconnected for instance 'alu4' [E:/COD_Projects/LABH1/LABH1.srcs/sources_1/new/MAV.v:134]
WARNING: [Synth 8-7023] instance 'alu4' of module 'ALU' has 5 connections declared, but only 4 given [E:/COD_Projects/LABH1/LABH1.srcs/sources_1/new/MAV.v:134]
INFO: [Synth 8-6157] synthesizing module 'mux_4_to_1' [E:/COD_Projects/LABH1/LABH1.srcs/sources_1/new/mux_4_to_1.v:23]
	Parameter WIDTH bound to: 16 - type: integer 
INFO: [Synth 8-6155] done synthesizing module 'mux_4_to_1' (0#1) [E:/COD_Projects/LABH1/LABH1.srcs/sources_1/new/mux_4_to_1.v:23]
INFO: [Synth 8-6157] synthesizing module 'mux_2_to_1' [E:/COD_Projects/LABH1/LABH1.srcs/sources_1/new/mux_2_to_1.v:23]
	Parameter WIDTH bound to: 16 - type: integer 
INFO: [Synth 8-6155] done synthesizing module 'mux_2_to_1' (0#1) [E:/COD_Projects/LABH1/LABH1.srcs/sources_1/new/mux_2_to_1.v:23]
INFO: [Synth 8-155] case statement is not full and has no default [E:/COD_Projects/LABH1/LABH1.srcs/sources_1/new/MAV.v:178]
INFO: [Synth 8-6155] done synthesizing module 'MAV' (0#1) [E:/COD_Projects/LABH1/LABH1.srcs/sources_1/new/MAV.v:23]
---------------------------------------------------------------------------------
Finished RTL Elaboration : Time (s): cpu = 00:00:04 ; elapsed = 00:00:06 . Memory (MB): peak = 1298.980 ; gain = 0.000
---------------------------------------------------------------------------------
---------------------------------------------------------------------------------
Start Handling Custom Attributes
---------------------------------------------------------------------------------
---------------------------------------------------------------------------------
Finished Handling Custom Attributes : Time (s): cpu = 00:00:04 ; elapsed = 00:00:06 . Memory (MB): peak = 1298.980 ; gain = 0.000
---------------------------------------------------------------------------------
---------------------------------------------------------------------------------
Finished RTL Optimization Phase 1 : Time (s): cpu = 00:00:04 ; elapsed = 00:00:06 . Memory (MB): peak = 1298.980 ; gain = 0.000
---------------------------------------------------------------------------------
Netlist sorting complete. Time (s): cpu = 00:00:00 ; elapsed = 00:00:00.006 . Memory (MB): peak = 1298.980 ; gain = 0.000
INFO: [Project 1-570] Preparing netlist for logic optimization

Processing XDC Constraints
Initializing timing engine
Parsing XDC File [E:/COD_Projects/LABH1/LABH1.srcs/constrs_1/new/LABH1_xdc.xdc]
Finished Parsing XDC File [E:/COD_Projects/LABH1/LABH1.srcs/constrs_1/new/LABH1_xdc.xdc]
INFO: [Project 1-236] Implementation specific constraints were found while reading constraint file [E:/COD_Projects/LABH1/LABH1.srcs/constrs_1/new/LABH1_xdc.xdc]. These constraints will be ignored for synthesis but will be used in implementation. Impacted constraints are listed in the file [.Xil/MAV_propImpl.xdc].
Resolution: To avoid this warning, move constraints listed in [.Xil/MAV_propImpl.xdc] to another XDC file and exclude this new file from synthesis with the used_in_synthesis property (File Properties dialog in GUI) and re-run elaboration/synthesis.
Completed Processing XDC Constraints

Netlist sorting complete. Time (s): cpu = 00:00:00 ; elapsed = 00:00:00 . Memory (MB): peak = 1334.234 ; gain = 0.000
INFO: [Project 1-111] Unisim Transformation Summary:
No Unisim elements were transformed.

Constraint Validation Runtime : Time (s): cpu = 00:00:00 ; elapsed = 00:00:00.003 . Memory (MB): peak = 1334.234 ; gain = 0.000
INFO: [Designutils 20-5440] No compile time benefit to using incremental synthesis; A full resynthesis will be run
INFO: [Designutils 20-4379] Flow is switching to default flow due to incremental criteria not met. If you would like to alter this behaviour and have the flow terminate instead, please set the following parameter config_implementation {autoIncr.Synth.RejectBehavior Terminate}
---------------------------------------------------------------------------------
Finished Constraint Validation : Time (s): cpu = 00:00:08 ; elapsed = 00:00:12 . Memory (MB): peak = 1334.234 ; gain = 35.254
---------------------------------------------------------------------------------
---------------------------------------------------------------------------------
Start Loading Part and Timing Information
---------------------------------------------------------------------------------
Loading part: xc7a100tcsg324-1
---------------------------------------------------------------------------------
Finished Loading Part and Timing Information : Time (s): cpu = 00:00:08 ; elapsed = 00:00:12 . Memory (MB): peak = 1334.234 ; gain = 35.254
---------------------------------------------------------------------------------
---------------------------------------------------------------------------------
Start Applying 'set_property' XDC Constraints
---------------------------------------------------------------------------------
---------------------------------------------------------------------------------
Finished applying 'set_property' XDC Constraints : Time (s): cpu = 00:00:08 ; elapsed = 00:00:12 . Memory (MB): peak = 1334.234 ; gain = 35.254
---------------------------------------------------------------------------------
INFO: [Synth 8-802] inferred FSM for state register 'cstate_reg' in module 'MAV'
WARNING: [Synth 8-327] inferring latch for variable 'sel_2_reg' [E:/COD_Projects/LABH1/LABH1.srcs/sources_1/new/MAV.v:155]
WARNING: [Synth 8-327] inferring latch for variable 'FSM_sequential_nstate_reg' [E:/COD_Projects/LABH1/LABH1.srcs/sources_1/new/MAV.v:188]
WARNING: [Synth 8-327] inferring latch for variable 'FSM_onehot_nstate_reg' [E:/COD_Projects/LABH1/LABH1.srcs/sources_1/new/MAV.v:188]
---------------------------------------------------------------------------------------------------
                   State |                     New Encoding |                Previous Encoding 
---------------------------------------------------------------------------------------------------
                    IDLE |                            00001 |                              000
               FIRST_NUM |                            00010 |                              001
              SECOND_NUM |                            00100 |                              010
               THIRD_NUM |                            01000 |                              011
              FOURTH_NUM |                            10000 |                              100
---------------------------------------------------------------------------------------------------
INFO: [Synth 8-3354] encoded FSM with state register 'cstate_reg' using encoding 'one-hot' in module 'MAV'
WARNING: [Synth 8-327] inferring latch for variable 'FSM_onehot_nstate_reg' [E:/COD_Projects/LABH1/LABH1.srcs/sources_1/new/MAV.v:188]
WARNING: [Synth 8-327] inferring latch for variable 'sel_1_reg' [E:/COD_Projects/LABH1/LABH1.srcs/sources_1/new/MAV.v:148]
WARNING: [Synth 8-327] inferring latch for variable 'en_buffer_reg' [E:/COD_Projects/LABH1/LABH1.srcs/sources_1/new/MAV.v:77]
---------------------------------------------------------------------------------
Finished RTL Optimization Phase 2 : Time (s): cpu = 00:00:08 ; elapsed = 00:00:12 . Memory (MB): peak = 1334.234 ; gain = 35.254
---------------------------------------------------------------------------------
---------------------------------------------------------------------------------
Start RTL Component Statistics 
---------------------------------------------------------------------------------
Detailed RTL Component Info : 
+---Adders : 
	   3 Input   16 Bit       Adders := 4     
+---XORs : 
	   2 Input     16 Bit         XORs := 4     
+---Registers : 
	               16 Bit    Registers := 5     
	                1 Bit    Registers := 5     
+---Muxes : 
	   8 Input   16 Bit        Muxes := 8     
	   4 Input   16 Bit        Muxes := 1     
	   2 Input   16 Bit        Muxes := 2     
	   5 Input    5 Bit        Muxes := 1     
	   5 Input    4 Bit        Muxes := 1     
	   5 Input    3 Bit        Muxes := 1     
	   5 Input    2 Bit        Muxes := 1     
	   2 Input    1 Bit        Muxes := 9     
	   5 Input    1 Bit        Muxes := 6     
---------------------------------------------------------------------------------
Finished RTL Component Statistics 
---------------------------------------------------------------------------------
---------------------------------------------------------------------------------
Start Part Resource Summary
---------------------------------------------------------------------------------
Part Resources:
DSPs: 240 (col length:80)
BRAMs: 270 (col length: RAMB18 80 RAMB36 40)
---------------------------------------------------------------------------------
Finished Part Resource Summary
---------------------------------------------------------------------------------
---------------------------------------------------------------------------------
Start Cross Boundary and Area Optimization
---------------------------------------------------------------------------------
WARNING: [Synth 8-7080] Parallel synthesis criteria is not met
---------------------------------------------------------------------------------
Finished Cross Boundary and Area Optimization : Time (s): cpu = 00:00:09 ; elapsed = 00:00:14 . Memory (MB): peak = 1334.234 ; gain = 35.254
---------------------------------------------------------------------------------
---------------------------------------------------------------------------------
Start Applying XDC Timing Constraints
---------------------------------------------------------------------------------
---------------------------------------------------------------------------------
Finished Applying XDC Timing Constraints : Time (s): cpu = 00:00:12 ; elapsed = 00:00:19 . Memory (MB): peak = 1334.234 ; gain = 35.254
---------------------------------------------------------------------------------
---------------------------------------------------------------------------------
Start Timing Optimization
---------------------------------------------------------------------------------
---------------------------------------------------------------------------------
Finished Timing Optimization : Time (s): cpu = 00:00:12 ; elapsed = 00:00:19 . Memory (MB): peak = 1334.234 ; gain = 35.254
---------------------------------------------------------------------------------
---------------------------------------------------------------------------------
Start Technology Mapping
---------------------------------------------------------------------------------
---------------------------------------------------------------------------------
Finished Technology Mapping : Time (s): cpu = 00:00:12 ; elapsed = 00:00:19 . Memory (MB): peak = 1334.234 ; gain = 35.254
---------------------------------------------------------------------------------
---------------------------------------------------------------------------------
Start IO Insertion
---------------------------------------------------------------------------------
---------------------------------------------------------------------------------
Start Flattening Before IO Insertion
---------------------------------------------------------------------------------
---------------------------------------------------------------------------------
Finished Flattening Before IO Insertion
---------------------------------------------------------------------------------
---------------------------------------------------------------------------------
Start Final Netlist Cleanup
---------------------------------------------------------------------------------
---------------------------------------------------------------------------------
Finished Final Netlist Cleanup
---------------------------------------------------------------------------------
---------------------------------------------------------------------------------
Finished IO Insertion : Time (s): cpu = 00:00:15 ; elapsed = 00:00:23 . Memory (MB): peak = 1334.234 ; gain = 35.254
---------------------------------------------------------------------------------
---------------------------------------------------------------------------------
Start Renaming Generated Instances
---------------------------------------------------------------------------------
---------------------------------------------------------------------------------
Finished Renaming Generated Instances : Time (s): cpu = 00:00:15 ; elapsed = 00:00:23 . Memory (MB): peak = 1334.234 ; gain = 35.254
---------------------------------------------------------------------------------
---------------------------------------------------------------------------------
Start Rebuilding User Hierarchy
---------------------------------------------------------------------------------
---------------------------------------------------------------------------------
Finished Rebuilding User Hierarchy : Time (s): cpu = 00:00:15 ; elapsed = 00:00:23 . Memory (MB): peak = 1334.234 ; gain = 35.254
---------------------------------------------------------------------------------
---------------------------------------------------------------------------------
Start Renaming Generated Ports
---------------------------------------------------------------------------------
---------------------------------------------------------------------------------
Finished Renaming Generated Ports : Time (s): cpu = 00:00:15 ; elapsed = 00:00:23 . Memory (MB): peak = 1334.234 ; gain = 35.254
---------------------------------------------------------------------------------
---------------------------------------------------------------------------------
Start Handling Custom Attributes
---------------------------------------------------------------------------------
---------------------------------------------------------------------------------
Finished Handling Custom Attributes : Time (s): cpu = 00:00:15 ; elapsed = 00:00:23 . Memory (MB): peak = 1334.234 ; gain = 35.254
---------------------------------------------------------------------------------
---------------------------------------------------------------------------------
Start Renaming Generated Nets
---------------------------------------------------------------------------------
---------------------------------------------------------------------------------
Finished Renaming Generated Nets : Time (s): cpu = 00:00:15 ; elapsed = 00:00:23 . Memory (MB): peak = 1334.234 ; gain = 35.254
---------------------------------------------------------------------------------
---------------------------------------------------------------------------------
Start Writing Synthesis Report
---------------------------------------------------------------------------------

Report BlackBoxes: 
+-+--------------+----------+
| |BlackBox name |Instances |
+-+--------------+----------+
+-+--------------+----------+

Report Cell Usage: 
+------+-------+------+
|      |Cell   |Count |
+------+-------+------+
|1     |BUFG   |     1|
|2     |CARRY4 |    18|
|3     |LUT1   |     1|
|4     |LUT2   |    74|
|5     |LUT3   |    14|
|6     |LUT4   |     5|
|7     |LUT5   |     2|
|8     |LUT6   |    37|
|9     |FDCE   |   102|
|10    |FDPE   |    12|
|11    |LD     |    12|
|12    |IBUF   |    19|
|13    |OBUF   |    16|
+------+-------+------+
---------------------------------------------------------------------------------
Finished Writing Synthesis Report : Time (s): cpu = 00:00:15 ; elapsed = 00:00:23 . Memory (MB): peak = 1334.234 ; gain = 35.254
---------------------------------------------------------------------------------
Synthesis finished with 0 errors, 0 critical warnings and 7 warnings.
Synthesis Optimization Runtime : Time (s): cpu = 00:00:10 ; elapsed = 00:00:21 . Memory (MB): peak = 1334.234 ; gain = 0.000
Synthesis Optimization Complete : Time (s): cpu = 00:00:15 ; elapsed = 00:00:23 . Memory (MB): peak = 1334.234 ; gain = 35.254
INFO: [Project 1-571] Translating synthesized netlist
Netlist sorting complete. Time (s): cpu = 00:00:00 ; elapsed = 00:00:00.003 . Memory (MB): peak = 1334.234 ; gain = 0.000
INFO: [Netlist 29-17] Analyzing 30 Unisim elements for replacement
INFO: [Netlist 29-28] Unisim Transformation completed in 0 CPU seconds
INFO: [Project 1-570] Preparing netlist for logic optimization
INFO: [Opt 31-138] Pushed 0 inverter(s) to 0 load pin(s).
Netlist sorting complete. Time (s): cpu = 00:00:00 ; elapsed = 00:00:00 . Memory (MB): peak = 1334.234 ; gain = 0.000
INFO: [Project 1-111] Unisim Transformation Summary:
  A total of 12 instances were transformed.
  LD => LDCE: 12 instances

Synth Design complete, checksum: a5f47e3d
INFO: [Common 17-83] Releasing license: Synthesis
38 Infos, 15 Warnings, 0 Critical Warnings and 0 Errors encountered.
synth_design completed successfully
synth_design: Time (s): cpu = 00:00:16 ; elapsed = 00:00:27 . Memory (MB): peak = 1334.234 ; gain = 35.254
INFO: [Common 17-1381] The checkpoint 'E:/COD_Projects/LABH1/LABH1.runs/synth_1/MAV.dcp' has been generated.
INFO: [runtcl-4] Executing : report_utilization -file MAV_utilization_synth.rpt -pb MAV_utilization_synth.pb
INFO: [Common 17-206] Exiting Vivado at Sun Apr  2 13:15:06 2023...
